This file contains any messages produced by compilers while
running configure, to aid debugging if configure makes a mistake.

It was created by wslay configure 0.1.1, which was
generated by GNU Autoconf 2.65.  Invocation command line was

  $ ./configure 

## --------- ##
## Platform. ##
## --------- ##

hostname = lucid32
uname -m = i686
uname -r = 2.6.32-40-generic
uname -s = Linux
uname -v = #87-Ubuntu SMP Mon Mar 5 20:26:31 UTC 2012

/usr/bin/uname -p = unknown
/bin/uname -X     = unknown

/bin/arch              = unknown
/usr/bin/arch -k       = unknown
/usr/convex/getsysinfo = unknown
/usr/bin/hostinfo      = unknown
/bin/machine           = unknown
/usr/bin/oslevel       = unknown
/bin/universe          = unknown

PATH: /home/vagrant/.rvm/gems/ruby-1.9.3-p125/bin
PATH: /home/vagrant/.rvm/gems/ruby-1.9.3-p125@global/bin
PATH: /home/vagrant/.rvm/rubies/ruby-1.9.3-p125/bin
PATH: /home/vagrant/.rvm/bin
PATH: /usr/local/sbin
PATH: /usr/local/bin
PATH: /usr/sbin
PATH: /usr/bin
PATH: /sbin
PATH: /bin
PATH: /usr/games
PATH: /opt/ruby/bin/


## ----------- ##
## Core tests. ##
## ----------- ##

configure:2476: checking build system type
configure:2490: result: i686-pc-linux-gnu
configure:2510: checking host system type
configure:2523: result: i686-pc-linux-gnu
configure:2591: checking for gcc
configure:2607: found /usr/bin/gcc
configure:2618: result: gcc
configure:2847: checking for C compiler version
configure:2856: gcc --version >&5
gcc (Ubuntu 4.4.3-4ubuntu5.1) 4.4.3
Copyright (C) 2009 Free Software Foundation, Inc.
This is free software; see the source for copying conditions.  There is NO
warranty; not even for MERCHANTABILITY or FITNESS FOR A PARTICULAR PURPOSE.

configure:2867: $? = 0
configure:2856: gcc -v >&5
Using built-in specs.
Target: i486-linux-gnu
Configured with: ../src/configure -v --with-pkgversion='Ubuntu 4.4.3-4ubuntu5.1' --with-bugurl=file:///usr/share/doc/gcc-4.4/README.Bugs --enable-languages=c,c++,fortran,objc,obj-c++ --prefix=/usr --enable-shared --enable-multiarch --enable-linker-build-id --with-system-zlib --libexecdir=/usr/lib --without-included-gettext --enable-threads=posix --with-gxx-include-dir=/usr/include/c++/4.4 --program-suffix=-4.4 --enable-nls --enable-clocale=gnu --enable-libstdcxx-debug --enable-plugin --enable-objc-gc --enable-targets=all --disable-werror --with-arch-32=i486 --with-tune=generic --enable-checking=release --build=i486-linux-gnu --host=i486-linux-gnu --target=i486-linux-gnu
Thread model: posix
gcc version 4.4.3 (Ubuntu 4.4.3-4ubuntu5.1) 
configure:2867: $? = 0
configure:2856: gcc -V >&5
gcc: '-V' option must have argument
configure:2867: $? = 1
configure:2856: gcc -qversion >&5
gcc: unrecognized option '-qversion'
gcc: no input files
configure:2867: $? = 1
configure:2887: checking whether the C compiler works
configure:2909: gcc    conftest.c  >&5
configure:2913: $? = 0
configure:2962: result: yes
configure:2965: checking for C compiler default output file name
configure:2967: result: a.out
configure:2973: checking for suffix of executables
configure:2980: gcc -o conftest    conftest.c  >&5
configure:2984: $? = 0
configure:3006: result: 
configure:3028: checking whether we are cross compiling
configure:3036: gcc -o conftest    conftest.c  >&5
configure:3040: $? = 0
configure:3047: ./conftest
configure:3051: $? = 0
configure:3066: result: no
configure:3071: checking for suffix of object files
configure:3093: gcc -c   conftest.c >&5
configure:3097: $? = 0
configure:3118: result: o
configure:3122: checking whether we are using the GNU C compiler
configure:3141: gcc -c   conftest.c >&5
configure:3141: $? = 0
configure:3150: result: yes
configure:3159: checking whether gcc accepts -g
configure:3179: gcc -c -g  conftest.c >&5
configure:3179: $? = 0
configure:3220: result: yes
configure:3237: checking for gcc option to accept ISO C89
configure:3301: gcc  -c -g -O2  conftest.c >&5
configure:3301: $? = 0
configure:3314: result: none needed
configure:3334: checking for a sed that does not truncate output
configure:3398: result: /bin/sed
configure:3416: checking for grep that handles long lines and -e
configure:3474: result: /bin/grep
configure:3479: checking for egrep
configure:3541: result: /bin/grep -E
configure:3546: checking for fgrep
configure:3608: result: /bin/grep -F
configure:3643: checking for ld used by gcc
configure:3710: result: /usr/bin/ld
configure:3717: checking if the linker (/usr/bin/ld) is GNU ld
configure:3732: result: yes
configure:3744: checking for BSD- or MS-compatible name lister (nm)
configure:3793: result: /usr/bin/nm -B
configure:3911: checking the name lister (/usr/bin/nm -B) interface
configure:3918: gcc -c -g -O2  conftest.c >&5
configure:3921: /usr/bin/nm -B "conftest.o"
configure:3924: output
00000000 B some_variable
configure:3931: result: BSD nm
configure:3934: checking whether ln -s works
configure:3941: result: no, using cp -p
configure:3946: checking the maximum length of command line arguments
configure:4066: result: 1572864
configure:4083: checking whether the shell understands some XSI constructs
configure:4093: result: yes
configure:4097: checking whether the shell understands "+="
configure:4103: result: yes
configure:4138: checking for /usr/bin/ld option to reload object files
configure:4145: result: -r
configure:4214: checking for objdump
configure:4230: found /usr/bin/objdump
configure:4241: result: objdump
configure:4273: checking how to recognize dependent libraries
configure:4469: result: pass_all
configure:4529: checking for ar
configure:4545: found /usr/bin/ar
configure:4556: result: ar
configure:4634: checking for strip
configure:4650: found /usr/bin/strip
configure:4661: result: strip
configure:4733: checking for ranlib
configure:4749: found /usr/bin/ranlib
configure:4760: result: ranlib
configure:4850: checking command to parse /usr/bin/nm -B output from gcc object
configure:4968: gcc -c -g -O2  conftest.c >&5
configure:4971: $? = 0
configure:4975: /usr/bin/nm -B conftest.o \| sed -n -e 's/^.*[	 ]\([ABCDGIRSTW][ABCDGIRSTW]*\)[	 ][	 ]*\([_A-Za-z][_A-Za-z0-9]*\)$/\1 \2 \2/p' \> conftest.nm
configure:4978: $? = 0
configure:5032: gcc -o conftest -g -O2   conftest.c conftstm.o >&5
configure:5035: $? = 0
configure:5073: result: ok
configure:5882: checking how to run the C preprocessor
configure:5913: gcc -E  conftest.c
configure:5913: $? = 0
configure:5927: gcc -E  conftest.c
conftest.c:9:28: error: ac_nonexistent.h: No such file or directory
configure:5927: $? = 1
configure: failed program was:
| /* confdefs.h */
| #define PACKAGE_NAME "wslay"
| #define PACKAGE_TARNAME "wslay"
| #define PACKAGE_VERSION "0.1.1"
| #define PACKAGE_STRING "wslay 0.1.1"
| #define PACKAGE_BUGREPORT "t-tujikawa@users.sourceforge.net"
| #define PACKAGE_URL ""
| /* end confdefs.h.  */
| #include <ac_nonexistent.h>
configure:5952: result: gcc -E
configure:5972: gcc -E  conftest.c
configure:5972: $? = 0
configure:5986: gcc -E  conftest.c
conftest.c:9:28: error: ac_nonexistent.h: No such file or directory
configure:5986: $? = 1
configure: failed program was:
| /* confdefs.h */
| #define PACKAGE_NAME "wslay"
| #define PACKAGE_TARNAME "wslay"
| #define PACKAGE_VERSION "0.1.1"
| #define PACKAGE_STRING "wslay 0.1.1"
| #define PACKAGE_BUGREPORT "t-tujikawa@users.sourceforge.net"
| #define PACKAGE_URL ""
| /* end confdefs.h.  */
| #include <ac_nonexistent.h>
configure:6015: checking for ANSI C header files
configure:6035: gcc -c -g -O2  conftest.c >&5
configure:6035: $? = 0
configure:6108: gcc -o conftest -g -O2   conftest.c  >&5
configure:6108: $? = 0
configure:6108: ./conftest
configure:6108: $? = 0
configure:6119: result: yes
configure:6132: checking for sys/types.h
configure:6132: gcc -c -g -O2  conftest.c >&5
configure:6132: $? = 0
configure:6132: result: yes
configure:6132: checking for sys/stat.h
configure:6132: gcc -c -g -O2  conftest.c >&5
configure:6132: $? = 0
configure:6132: result: yes
configure:6132: checking for stdlib.h
configure:6132: gcc -c -g -O2  conftest.c >&5
configure:6132: $? = 0
configure:6132: result: yes
configure:6132: checking for string.h
configure:6132: gcc -c -g -O2  conftest.c >&5
configure:6132: $? = 0
configure:6132: result: yes
configure:6132: checking for memory.h
configure:6132: gcc -c -g -O2  conftest.c >&5
configure:6132: $? = 0
configure:6132: result: yes
configure:6132: checking for strings.h
configure:6132: gcc -c -g -O2  conftest.c >&5
configure:6132: $? = 0
configure:6132: result: yes
configure:6132: checking for inttypes.h
configure:6132: gcc -c -g -O2  conftest.c >&5
configure:6132: $? = 0
configure:6132: result: yes
configure:6132: checking for stdint.h
configure:6132: gcc -c -g -O2  conftest.c >&5
configure:6132: $? = 0
configure:6132: result: yes
configure:6132: checking for unistd.h
configure:6132: gcc -c -g -O2  conftest.c >&5
configure:6132: $? = 0
configure:6132: result: yes
configure:6147: checking for dlfcn.h
configure:6147: gcc -c -g -O2  conftest.c >&5
configure:6147: $? = 0
configure:6147: result: yes
configure:6331: checking for objdir
configure:6346: result: .libs
configure:6642: checking if gcc supports -fno-rtti -fno-exceptions
configure:6660: gcc -c -g -O2  -fno-rtti -fno-exceptions conftest.c >&5
cc1: warning: command line option "-fno-rtti" is valid for C++/ObjC++ but not for C
configure:6664: $? = 0
configure:6677: result: no
configure:6697: checking for gcc option to produce PIC
configure:6969: result: -fPIC -DPIC
configure:6981: checking if gcc PIC flag -fPIC -DPIC works
configure:6999: gcc -c -g -O2  -fPIC -DPIC -DPIC conftest.c >&5
configure:7003: $? = 0
configure:7016: result: yes
configure:7040: checking if gcc static flag -static works
configure:7068: result: yes
configure:7083: checking if gcc supports -c -o file.o
configure:7104: gcc -c -g -O2  -o out/conftest2.o conftest.c >&5
configure:7108: $? = 0
configure:7130: result: yes
configure:7138: checking if gcc supports -c -o file.o
configure:7185: result: yes
configure:7218: checking whether the gcc linker (/usr/bin/ld) supports shared libraries
configure:8209: result: yes
configure:8246: checking whether -lc should be explicitly linked in
configure:8251: gcc -c -g -O2  conftest.c >&5
configure:8254: $? = 0
configure:8269: gcc -shared conftest.o  -v -Wl,-soname -Wl,conftest -o conftest 2\>\&1 \| /bin/grep  -lc  \>/dev/null 2\>\&1
configure:8272: $? = 0
configure:8284: result: no
configure:8448: checking dynamic linker characteristics
configure:8881: gcc -o conftest -g -O2   -Wl,-rpath -Wl,/foo conftest.c  >&5
configure:8881: $? = 0
configure:9111: result: GNU/Linux ld.so
configure:9213: checking how to hardcode library paths into programs
configure:9238: result: immediate
configure:9758: checking whether stripping libraries is possible
configure:9763: result: yes
configure:9798: checking if libtool supports shared libraries
configure:9800: result: yes
configure:9803: checking whether to build shared libraries
configure:9824: result: yes
configure:9827: checking whether to build static libraries
configure:9831: result: yes
configure:9898: checking target system type
configure:9911: result: i686-pc-linux-gnu
configure:9956: checking for a BSD-compatible install
configure:10024: result: /usr/bin/install -c
configure:10035: checking whether build environment is sane
configure:10085: result: yes
configure:10226: checking for a thread-safe mkdir -p
configure:10265: result: /bin/mkdir -p
configure:10278: checking for gawk
configure:10308: result: no
configure:10278: checking for mawk
configure:10294: found /usr/bin/mawk
configure:10305: result: mawk
configure:10316: checking whether make sets $(MAKE)
configure:10338: result: yes
configure:10368: checking for style of include used by make
configure:10396: result: GNU
configure:10481: checking dependency style of gcc
configure:10591: result: gcc3
configure:10658: checking for gcc
configure:10685: result: gcc
configure:10914: checking for C compiler version
configure:10923: gcc --version >&5
gcc (Ubuntu 4.4.3-4ubuntu5.1) 4.4.3
Copyright (C) 2009 Free Software Foundation, Inc.
This is free software; see the source for copying conditions.  There is NO
warranty; not even for MERCHANTABILITY or FITNESS FOR A PARTICULAR PURPOSE.

configure:10934: $? = 0
configure:10923: gcc -v >&5
Using built-in specs.
Target: i486-linux-gnu
Configured with: ../src/configure -v --with-pkgversion='Ubuntu 4.4.3-4ubuntu5.1' --with-bugurl=file:///usr/share/doc/gcc-4.4/README.Bugs --enable-languages=c,c++,fortran,objc,obj-c++ --prefix=/usr --enable-shared --enable-multiarch --enable-linker-build-id --with-system-zlib --libexecdir=/usr/lib --without-included-gettext --enable-threads=posix --with-gxx-include-dir=/usr/include/c++/4.4 --program-suffix=-4.4 --enable-nls --enable-clocale=gnu --enable-libstdcxx-debug --enable-plugin --enable-objc-gc --enable-targets=all --disable-werror --with-arch-32=i486 --with-tune=generic --enable-checking=release --build=i486-linux-gnu --host=i486-linux-gnu --target=i486-linux-gnu
Thread model: posix
gcc version 4.4.3 (Ubuntu 4.4.3-4ubuntu5.1) 
configure:10934: $? = 0
configure:10923: gcc -V >&5
gcc: '-V' option must have argument
configure:10934: $? = 1
configure:10923: gcc -qversion >&5
gcc: unrecognized option '-qversion'
gcc: no input files
configure:10934: $? = 1
configure:10938: checking whether we are using the GNU C compiler
configure:10966: result: yes
configure:10975: checking whether gcc accepts -g
configure:11036: result: yes
configure:11053: checking for gcc option to accept ISO C89
configure:11130: result: none needed
configure:11151: checking whether ln -s works
configure:11158: result: no, using cp -p
configure:11162: checking whether make sets $(MAKE)
configure:11184: result: yes
configure:11196: checking for sphinx-build
configure:11229: result: no
configure:11245: checking for CU_initialize_registry in -lcunit
configure:11270: gcc -o conftest -g -O2   conftest.c -lcunit   >&5
/usr/bin/ld: cannot find -lcunit
collect2: ld returned 1 exit status
configure:11270: $? = 1
configure: failed program was:
| /* confdefs.h */
| #define PACKAGE_NAME "wslay"
| #define PACKAGE_TARNAME "wslay"
| #define PACKAGE_VERSION "0.1.1"
| #define PACKAGE_STRING "wslay 0.1.1"
| #define PACKAGE_BUGREPORT "t-tujikawa@users.sourceforge.net"
| #define PACKAGE_URL ""
| #define STDC_HEADERS 1
| #define HAVE_SYS_TYPES_H 1
| #define HAVE_SYS_STAT_H 1
| #define HAVE_STDLIB_H 1
| #define HAVE_STRING_H 1
| #define HAVE_MEMORY_H 1
| #define HAVE_STRINGS_H 1
| #define HAVE_INTTYPES_H 1
| #define HAVE_STDINT_H 1
| #define HAVE_UNISTD_H 1
| #define HAVE_DLFCN_H 1
| #define LT_OBJDIR ".libs/"
| #define PACKAGE "wslay"
| #define VERSION "0.1.1"
| /* end confdefs.h.  */
| 
| /* Override any GCC internal prototype to avoid an error.
|    Use char because int might match the return type of a GCC
|    builtin and then its argument prototype would still apply.  */
| #ifdef __cplusplus
| extern "C"
| #endif
| char CU_initialize_registry ();
| int
| main ()
| {
| return CU_initialize_registry ();
|   ;
|   return 0;
| }
configure:11279: result: no
configure:11315: checking arpa/inet.h usability
configure:11315: gcc -c -g -O2  conftest.c >&5
configure:11315: $? = 0
configure:11315: result: yes
configure:11315: checking arpa/inet.h presence
configure:11315: gcc -E  conftest.c
configure:11315: $? = 0
configure:11315: result: yes
configure:11315: checking for arpa/inet.h
configure:11315: result: yes
configure:11315: checking netinet/in.h usability
configure:11315: gcc -c -g -O2  conftest.c >&5
configure:11315: $? = 0
configure:11315: result: yes
configure:11315: checking netinet/in.h presence
configure:11315: gcc -E  conftest.c
configure:11315: $? = 0
configure:11315: result: yes
configure:11315: checking for netinet/in.h
configure:11315: result: yes
configure:11315: checking stddef.h usability
configure:11315: gcc -c -g -O2  conftest.c >&5
configure:11315: $? = 0
configure:11315: result: yes
configure:11315: checking stddef.h presence
configure:11315: gcc -E  conftest.c
configure:11315: $? = 0
configure:11315: result: yes
configure:11315: checking for stddef.h
configure:11315: result: yes
configure:11315: checking for stdint.h
configure:11315: result: yes
configure:11315: checking for stdlib.h
configure:11315: result: yes
configure:11315: checking for string.h
configure:11315: result: yes
configure:11315: checking for unistd.h
configure:11315: result: yes
configure:11346: checking for size_t
configure:11346: gcc -c -g -O2  conftest.c >&5
configure:11346: $? = 0
configure:11346: gcc -c -g -O2  conftest.c >&5
conftest.c: In function 'main':
conftest.c:66: error: expected expression before ')' token
configure:11346: $? = 1
configure: failed program was:
| /* confdefs.h */
| #define PACKAGE_NAME "wslay"
| #define PACKAGE_TARNAME "wslay"
| #define PACKAGE_VERSION "0.1.1"
| #define PACKAGE_STRING "wslay 0.1.1"
| #define PACKAGE_BUGREPORT "t-tujikawa@users.sourceforge.net"
| #define PACKAGE_URL ""
| #define STDC_HEADERS 1
| #define HAVE_SYS_TYPES_H 1
| #define HAVE_SYS_STAT_H 1
| #define HAVE_STDLIB_H 1
| #define HAVE_STRING_H 1
| #define HAVE_MEMORY_H 1
| #define HAVE_STRINGS_H 1
| #define HAVE_INTTYPES_H 1
| #define HAVE_STDINT_H 1
| #define HAVE_UNISTD_H 1
| #define HAVE_DLFCN_H 1
| #define LT_OBJDIR ".libs/"
| #define PACKAGE "wslay"
| #define VERSION "0.1.1"
| #define HAVE_ARPA_INET_H 1
| #define HAVE_NETINET_IN_H 1
| #define HAVE_STDDEF_H 1
| #define HAVE_STDINT_H 1
| #define HAVE_STDLIB_H 1
| #define HAVE_STRING_H 1
| #define HAVE_UNISTD_H 1
| /* end confdefs.h.  */
| #include <stdio.h>
| #ifdef HAVE_SYS_TYPES_H
| # include <sys/types.h>
| #endif
| #ifdef HAVE_SYS_STAT_H
| # include <sys/stat.h>
| #endif
| #ifdef STDC_HEADERS
| # include <stdlib.h>
| # include <stddef.h>
| #else
| # ifdef HAVE_STDLIB_H
| #  include <stdlib.h>
| # endif
| #endif
| #ifdef HAVE_STRING_H
| # if !defined STDC_HEADERS && defined HAVE_MEMORY_H
| #  include <memory.h>
| # endif
| # include <string.h>
| #endif
| #ifdef HAVE_STRINGS_H
| # include <strings.h>
| #endif
| #ifdef HAVE_INTTYPES_H
| # include <inttypes.h>
| #endif
| #ifdef HAVE_STDINT_H
| # include <stdint.h>
| #endif
| #ifdef HAVE_UNISTD_H
| # include <unistd.h>
| #endif
| int
| main ()
| {
| if (sizeof ((size_t)))
| 	    return 0;
|   ;
|   return 0;
| }
configure:11346: result: yes
configure:11357: checking for ssize_t
configure:11357: gcc -c -g -O2  conftest.c >&5
configure:11357: $? = 0
configure:11357: gcc -c -g -O2  conftest.c >&5
conftest.c: In function 'main':
conftest.c:66: error: expected expression before ')' token
configure:11357: $? = 1
configure: failed program was:
| /* confdefs.h */
| #define PACKAGE_NAME "wslay"
| #define PACKAGE_TARNAME "wslay"
| #define PACKAGE_VERSION "0.1.1"
| #define PACKAGE_STRING "wslay 0.1.1"
| #define PACKAGE_BUGREPORT "t-tujikawa@users.sourceforge.net"
| #define PACKAGE_URL ""
| #define STDC_HEADERS 1
| #define HAVE_SYS_TYPES_H 1
| #define HAVE_SYS_STAT_H 1
| #define HAVE_STDLIB_H 1
| #define HAVE_STRING_H 1
| #define HAVE_MEMORY_H 1
| #define HAVE_STRINGS_H 1
| #define HAVE_INTTYPES_H 1
| #define HAVE_STDINT_H 1
| #define HAVE_UNISTD_H 1
| #define HAVE_DLFCN_H 1
| #define LT_OBJDIR ".libs/"
| #define PACKAGE "wslay"
| #define VERSION "0.1.1"
| #define HAVE_ARPA_INET_H 1
| #define HAVE_NETINET_IN_H 1
| #define HAVE_STDDEF_H 1
| #define HAVE_STDINT_H 1
| #define HAVE_STDLIB_H 1
| #define HAVE_STRING_H 1
| #define HAVE_UNISTD_H 1
| /* end confdefs.h.  */
| #include <stdio.h>
| #ifdef HAVE_SYS_TYPES_H
| # include <sys/types.h>
| #endif
| #ifdef HAVE_SYS_STAT_H
| # include <sys/stat.h>
| #endif
| #ifdef STDC_HEADERS
| # include <stdlib.h>
| # include <stddef.h>
| #else
| # ifdef HAVE_STDLIB_H
| #  include <stdlib.h>
| # endif
| #endif
| #ifdef HAVE_STRING_H
| # if !defined STDC_HEADERS && defined HAVE_MEMORY_H
| #  include <memory.h>
| # endif
| # include <string.h>
| #endif
| #ifdef HAVE_STRINGS_H
| # include <strings.h>
| #endif
| #ifdef HAVE_INTTYPES_H
| # include <inttypes.h>
| #endif
| #ifdef HAVE_STDINT_H
| # include <stdint.h>
| #endif
| #ifdef HAVE_UNISTD_H
| # include <unistd.h>
| #endif
| int
| main ()
| {
| if (sizeof ((ssize_t)))
| 	    return 0;
|   ;
|   return 0;
| }
configure:11357: result: yes
configure:11368: checking for uint8_t
configure:11368: gcc -c -g -O2  conftest.c >&5
configure:11368: $? = 0
configure:11368: result: yes
configure:11382: checking for uint16_t
configure:11382: gcc -c -g -O2  conftest.c >&5
configure:11382: $? = 0
configure:11382: result: yes
configure:11394: checking for uint32_t
configure:11394: gcc -c -g -O2  conftest.c >&5
configure:11394: $? = 0
configure:11394: result: yes
configure:11408: checking for uint64_t
configure:11408: gcc -c -g -O2  conftest.c >&5
configure:11408: $? = 0
configure:11408: result: yes
configure:11422: checking for ptrdiff_t
configure:11422: gcc -c -g -O2  conftest.c >&5
configure:11422: $? = 0
configure:11422: gcc -c -g -O2  conftest.c >&5
conftest.c: In function 'main':
conftest.c:66: error: expected expression before ')' token
configure:11422: $? = 1
configure: failed program was:
| /* confdefs.h */
| #define PACKAGE_NAME "wslay"
| #define PACKAGE_TARNAME "wslay"
| #define PACKAGE_VERSION "0.1.1"
| #define PACKAGE_STRING "wslay 0.1.1"
| #define PACKAGE_BUGREPORT "t-tujikawa@users.sourceforge.net"
| #define PACKAGE_URL ""
| #define STDC_HEADERS 1
| #define HAVE_SYS_TYPES_H 1
| #define HAVE_SYS_STAT_H 1
| #define HAVE_STDLIB_H 1
| #define HAVE_STRING_H 1
| #define HAVE_MEMORY_H 1
| #define HAVE_STRINGS_H 1
| #define HAVE_INTTYPES_H 1
| #define HAVE_STDINT_H 1
| #define HAVE_UNISTD_H 1
| #define HAVE_DLFCN_H 1
| #define LT_OBJDIR ".libs/"
| #define PACKAGE "wslay"
| #define VERSION "0.1.1"
| #define HAVE_ARPA_INET_H 1
| #define HAVE_NETINET_IN_H 1
| #define HAVE_STDDEF_H 1
| #define HAVE_STDINT_H 1
| #define HAVE_STDLIB_H 1
| #define HAVE_STRING_H 1
| #define HAVE_UNISTD_H 1
| /* end confdefs.h.  */
| #include <stdio.h>
| #ifdef HAVE_SYS_TYPES_H
| # include <sys/types.h>
| #endif
| #ifdef HAVE_SYS_STAT_H
| # include <sys/stat.h>
| #endif
| #ifdef STDC_HEADERS
| # include <stdlib.h>
| # include <stddef.h>
| #else
| # ifdef HAVE_STDLIB_H
| #  include <stdlib.h>
| # endif
| #endif
| #ifdef HAVE_STRING_H
| # if !defined STDC_HEADERS && defined HAVE_MEMORY_H
| #  include <memory.h>
| # endif
| # include <string.h>
| #endif
| #ifdef HAVE_STRINGS_H
| # include <strings.h>
| #endif
| #ifdef HAVE_INTTYPES_H
| # include <inttypes.h>
| #endif
| #ifdef HAVE_STDINT_H
| # include <stdint.h>
| #endif
| #ifdef HAVE_UNISTD_H
| # include <unistd.h>
| #endif
| int
| main ()
| {
| if (sizeof ((ptrdiff_t)))
| 	    return 0;
|   ;
|   return 0;
| }
configure:11422: result: yes
configure:11432: checking whether byte ordering is bigendian
configure:11447: gcc -c -g -O2  conftest.c >&5
conftest.c:32: error: expected '=', ',', ';', 'asm' or '__attribute__' before 'a'
configure:11447: $? = 1
configure: failed program was:
| /* confdefs.h */
| #define PACKAGE_NAME "wslay"
| #define PACKAGE_TARNAME "wslay"
| #define PACKAGE_VERSION "0.1.1"
| #define PACKAGE_STRING "wslay 0.1.1"
| #define PACKAGE_BUGREPORT "t-tujikawa@users.sourceforge.net"
| #define PACKAGE_URL ""
| #define STDC_HEADERS 1
| #define HAVE_SYS_TYPES_H 1
| #define HAVE_SYS_STAT_H 1
| #define HAVE_STDLIB_H 1
| #define HAVE_STRING_H 1
| #define HAVE_MEMORY_H 1
| #define HAVE_STRINGS_H 1
| #define HAVE_INTTYPES_H 1
| #define HAVE_STDINT_H 1
| #define HAVE_UNISTD_H 1
| #define HAVE_DLFCN_H 1
| #define LT_OBJDIR ".libs/"
| #define PACKAGE "wslay"
| #define VERSION "0.1.1"
| #define HAVE_ARPA_INET_H 1
| #define HAVE_NETINET_IN_H 1
| #define HAVE_STDDEF_H 1
| #define HAVE_STDINT_H 1
| #define HAVE_STDLIB_H 1
| #define HAVE_STRING_H 1
| #define HAVE_UNISTD_H 1
| #define HAVE_PTRDIFF_T 1
| /* end confdefs.h.  */
| #ifndef __APPLE_CC__
| 	       not a universal capable compiler
| 	     #endif
| 	     typedef int dummy;
| 
configure:11492: gcc -c -g -O2  conftest.c >&5
configure:11492: $? = 0
configure:11510: gcc -c -g -O2  conftest.c >&5
conftest.c: In function 'main':
conftest.c:38: error: 'not' undeclared (first use in this function)
conftest.c:38: error: (Each undeclared identifier is reported only once
conftest.c:38: error: for each function it appears in.)
conftest.c:38: error: expected ';' before 'big'
configure:11510: $? = 1
configure: failed program was:
| /* confdefs.h */
| #define PACKAGE_NAME "wslay"
| #define PACKAGE_TARNAME "wslay"
| #define PACKAGE_VERSION "0.1.1"
| #define PACKAGE_STRING "wslay 0.1.1"
| #define PACKAGE_BUGREPORT "t-tujikawa@users.sourceforge.net"
| #define PACKAGE_URL ""
| #define STDC_HEADERS 1
| #define HAVE_SYS_TYPES_H 1
| #define HAVE_SYS_STAT_H 1
| #define HAVE_STDLIB_H 1
| #define HAVE_STRING_H 1
| #define HAVE_MEMORY_H 1
| #define HAVE_STRINGS_H 1
| #define HAVE_INTTYPES_H 1
| #define HAVE_STDINT_H 1
| #define HAVE_UNISTD_H 1
| #define HAVE_DLFCN_H 1
| #define LT_OBJDIR ".libs/"
| #define PACKAGE "wslay"
| #define VERSION "0.1.1"
| #define HAVE_ARPA_INET_H 1
| #define HAVE_NETINET_IN_H 1
| #define HAVE_STDDEF_H 1
| #define HAVE_STDINT_H 1
| #define HAVE_STDLIB_H 1
| #define HAVE_STRING_H 1
| #define HAVE_UNISTD_H 1
| #define HAVE_PTRDIFF_T 1
| /* end confdefs.h.  */
| #include <sys/types.h>
| 		#include <sys/param.h>
| 
| int
| main ()
| {
| #if BYTE_ORDER != BIG_ENDIAN
| 		 not big endian
| 		#endif
| 
|   ;
|   return 0;
| }
configure:11638: result: no
configure:11661: checking for stdlib.h
configure:11661: result: yes
configure:11671: checking for GNU libc compatible malloc
configure:11695: gcc -o conftest -g -O2   conftest.c  >&5
configure:11695: $? = 0
configure:11695: ./conftest
configure:11695: $? = 0
configure:11705: result: yes
configure:11736: checking for memmove
configure:11736: gcc -o conftest -g -O2   conftest.c  >&5
conftest.c:56: warning: conflicting types for built-in function 'memmove'
configure:11736: $? = 0
configure:11736: result: yes
configure:11736: checking for memset
configure:11736: gcc -o conftest -g -O2   conftest.c  >&5
conftest.c:57: warning: conflicting types for built-in function 'memset'
configure:11736: $? = 0
configure:11736: result: yes
configure:11736: checking for ntohl
configure:11736: gcc -o conftest -g -O2   conftest.c  >&5
configure:11736: $? = 0
configure:11736: result: yes
configure:11736: checking for ntohs
configure:11736: gcc -o conftest -g -O2   conftest.c  >&5
configure:11736: $? = 0
configure:11736: result: yes
configure:11736: checking for htons
configure:11736: gcc -o conftest -g -O2   conftest.c  >&5
configure:11736: $? = 0
configure:11736: result: yes
configure:11876: creating ./config.status

## ---------------------- ##
## Running config.status. ##
## ---------------------- ##

This file was extended by wslay config.status 0.1.1, which was
generated by GNU Autoconf 2.65.  Invocation command line was

  CONFIG_FILES    = 
  CONFIG_HEADERS  = 
  CONFIG_LINKS    = 
  CONFIG_COMMANDS = 
  $ ./config.status 

on lucid32

config.status:1095: creating Makefile
config.status:1095: creating lib/Makefile
config.status:1095: creating lib/libwslay.pc
config.status:1095: creating lib/includes/Makefile
config.status:1095: creating lib/includes/wslay/wslayver.h
config.status:1095: creating tests/Makefile
config.status:1095: creating doc/Makefile
config.status:1095: creating config.h
config.status:1267: config.h is unchanged
config.status:1315: executing libtool commands
config.status:1315: executing depfiles commands
configure:14095: summary of build options:

    version:        0.1.1 shared 0:0:0
    Host type:      i686-pc-linux-gnu
    Install prefix: /usr/local
    C compiler:     gcc
    CFlags:         -g -O2
    Library types:  Shared=yes, Static=yes
    CUnit:          no


## ---------------- ##
## Cache variables. ##
## ---------------- ##

ac_cv_build=i686-pc-linux-gnu
ac_cv_c_bigendian=no
ac_cv_c_compiler_gnu=yes
ac_cv_c_uint16_t=yes
ac_cv_c_uint32_t=yes
ac_cv_c_uint64_t=yes
ac_cv_c_uint8_t=yes
ac_cv_env_CC_set=
ac_cv_env_CC_value=
ac_cv_env_CFLAGS_set=
ac_cv_env_CFLAGS_value=
ac_cv_env_CPPFLAGS_set=
ac_cv_env_CPPFLAGS_value=
ac_cv_env_CPP_set=
ac_cv_env_CPP_value=
ac_cv_env_LDFLAGS_set=
ac_cv_env_LDFLAGS_value=
ac_cv_env_LIBS_set=
ac_cv_env_LIBS_value=
ac_cv_env_build_alias_set=
ac_cv_env_build_alias_value=
ac_cv_env_host_alias_set=
ac_cv_env_host_alias_value=
ac_cv_env_target_alias_set=
ac_cv_env_target_alias_value=
ac_cv_func_htons=yes
ac_cv_func_malloc_0_nonnull=yes
ac_cv_func_memmove=yes
ac_cv_func_memset=yes
ac_cv_func_ntohl=yes
ac_cv_func_ntohs=yes
ac_cv_header_arpa_inet_h=yes
ac_cv_header_dlfcn_h=yes
ac_cv_header_inttypes_h=yes
ac_cv_header_memory_h=yes
ac_cv_header_netinet_in_h=yes
ac_cv_header_stdc=yes
ac_cv_header_stddef_h=yes
ac_cv_header_stdint_h=yes
ac_cv_header_stdlib_h=yes
ac_cv_header_string_h=yes
ac_cv_header_strings_h=yes
ac_cv_header_sys_stat_h=yes
ac_cv_header_sys_types_h=yes
ac_cv_header_unistd_h=yes
ac_cv_host=i686-pc-linux-gnu
ac_cv_lib_cunit_CU_initialize_registry=no
ac_cv_objext=o
ac_cv_path_EGREP='/bin/grep -E'
ac_cv_path_FGREP='/bin/grep -F'
ac_cv_path_GREP=/bin/grep
ac_cv_path_SED=/bin/sed
ac_cv_path_install='/usr/bin/install -c'
ac_cv_path_mkdir=/bin/mkdir
ac_cv_prog_AWK=mawk
ac_cv_prog_CPP='gcc -E'
ac_cv_prog_ac_ct_AR=ar
ac_cv_prog_ac_ct_CC=gcc
ac_cv_prog_ac_ct_OBJDUMP=objdump
ac_cv_prog_ac_ct_RANLIB=ranlib
ac_cv_prog_ac_ct_STRIP=strip
ac_cv_prog_cc_c89=
ac_cv_prog_cc_g=yes
ac_cv_prog_make_make_set=yes
ac_cv_target=i686-pc-linux-gnu
ac_cv_type_ptrdiff_t=yes
ac_cv_type_size_t=yes
ac_cv_type_ssize_t=yes
am_cv_CC_dependencies_compiler_type=gcc3
lt_cv_deplibs_check_method=pass_all
lt_cv_file_magic_cmd='$MAGIC_CMD'
lt_cv_file_magic_test_file=
lt_cv_ld_reload_flag=-r
lt_cv_nm_interface='BSD nm'
lt_cv_objdir=.libs
lt_cv_path_LD=/usr/bin/ld
lt_cv_path_NM='/usr/bin/nm -B'
lt_cv_prog_compiler_c_o=yes
lt_cv_prog_compiler_pic_works=yes
lt_cv_prog_compiler_rtti_exceptions=no
lt_cv_prog_compiler_static_works=yes
lt_cv_prog_gnu_ld=yes
lt_cv_sys_global_symbol_pipe='sed -n -e '\''s/^.*[	 ]\([ABCDGIRSTW][ABCDGIRSTW]*\)[	 ][	 ]*\([_A-Za-z][_A-Za-z0-9]*\)$/\1 \2 \2/p'\'''
lt_cv_sys_global_symbol_to_c_name_address='sed -n -e '\''s/^: \([^ ]*\) $/  {\"\1\", (void *) 0},/p'\'' -e '\''s/^[ABCDGIRSTW]* \([^ ]*\) \([^ ]*\)$/  {"\2", (void *) \&\2},/p'\'''
lt_cv_sys_global_symbol_to_c_name_address_lib_prefix='sed -n -e '\''s/^: \([^ ]*\) $/  {\"\1\", (void *) 0},/p'\'' -e '\''s/^[ABCDGIRSTW]* \([^ ]*\) \(lib[^ ]*\)$/  {"\2", (void *) \&\2},/p'\'' -e '\''s/^[ABCDGIRSTW]* \([^ ]*\) \([^ ]*\)$/  {"lib\2", (void *) \&\2},/p'\'''
lt_cv_sys_global_symbol_to_cdecl='sed -n -e '\''s/^T .* \(.*\)$/extern int \1();/p'\'' -e '\''s/^[ABCDGIRSTW]* .* \(.*\)$/extern char \1;/p'\'''
lt_cv_sys_max_cmd_len=1572864

## ----------------- ##
## Output variables. ##
## ----------------- ##

ACLOCAL='${SHELL} /vagrant/contrib/wslay/missing --run aclocal-1.11'
AMDEPBACKSLASH='\'
AMDEP_FALSE='#'
AMDEP_TRUE=''
AMTAR='${SHELL} /vagrant/contrib/wslay/missing --run tar'
AR='ar'
AUTOCONF='${SHELL} /vagrant/contrib/wslay/missing --run autoconf'
AUTOHEADER='${SHELL} /vagrant/contrib/wslay/missing --run autoheader'
AUTOMAKE='${SHELL} /vagrant/contrib/wslay/missing --run automake-1.11'
AWK='mawk'
CC='gcc'
CCDEPMODE='depmode=gcc3'
CFLAGS='-g -O2'
CPP='gcc -E'
CPPFLAGS=''
CYGPATH_W='echo'
DEFS='-DHAVE_CONFIG_H'
DEPDIR='.deps'
DSYMUTIL=''
DUMPBIN=''
ECHO_C=''
ECHO_N='-n'
ECHO_T=''
EGREP='/bin/grep -E'
EXEEXT=''
FGREP='/bin/grep -F'
GREP='/bin/grep'
HAVE_CUNIT_FALSE=''
HAVE_CUNIT_TRUE='#'
HAVE_SPHINX_BUILD_FALSE=''
HAVE_SPHINX_BUILD_TRUE='#'
INSTALL_DATA='${INSTALL} -m 644'
INSTALL_PROGRAM='${INSTALL}'
INSTALL_SCRIPT='${INSTALL}'
INSTALL_STRIP_PROGRAM='$(install_sh) -c -s'
LD='/usr/bin/ld'
LDFLAGS=''
LIBOBJS=''
LIBS=''
LIBTOOL='$(SHELL) $(top_builddir)/libtool'
LIPO=''
LN_S='cp -p'
LTLIBOBJS=''
LT_AGE='0'
LT_CURRENT='0'
LT_REVISION='0'
MAKEINFO='${SHELL} /vagrant/contrib/wslay/missing --run makeinfo'
MKDIR_P='/bin/mkdir -p'
NM='/usr/bin/nm -B'
NMEDIT=''
OBJDUMP='objdump'
OBJEXT='o'
OTOOL64=''
OTOOL=''
PACKAGE='wslay'
PACKAGE_BUGREPORT='t-tujikawa@users.sourceforge.net'
PACKAGE_NAME='wslay'
PACKAGE_STRING='wslay 0.1.1'
PACKAGE_TARNAME='wslay'
PACKAGE_URL=''
PACKAGE_VERSION='0.1.1'
PATH_SEPARATOR=':'
RANLIB='ranlib'
SED='/bin/sed'
SET_MAKE=''
SHELL='/bin/bash'
SPHINX_BUILD=''
STRIP='strip'
VERSION='0.1.1'
ac_ct_CC='gcc'
ac_ct_DUMPBIN=''
am__EXEEXT_FALSE=''
am__EXEEXT_TRUE='#'
am__fastdepCC_FALSE='#'
am__fastdepCC_TRUE=''
am__include='include'
am__isrc=''
am__leading_dot='.'
am__quote=''
am__tar='${AMTAR} chof - "$$tardir"'
am__untar='${AMTAR} xf -'
bindir='${exec_prefix}/bin'
build='i686-pc-linux-gnu'
build_alias=''
build_cpu='i686'
build_os='linux-gnu'
build_vendor='pc'
datadir='${datarootdir}'
datarootdir='${prefix}/share'
docdir='${datarootdir}/doc/${PACKAGE_TARNAME}'
dvidir='${docdir}'
exec_prefix='${prefix}'
host='i686-pc-linux-gnu'
host_alias=''
host_cpu='i686'
host_os='linux-gnu'
host_vendor='pc'
htmldir='${docdir}'
includedir='${prefix}/include'
infodir='${datarootdir}/info'
install_sh='${SHELL} /vagrant/contrib/wslay/install-sh'
libdir='${exec_prefix}/lib'
libexecdir='${exec_prefix}/libexec'
localedir='${datarootdir}/locale'
localstatedir='${prefix}/var'
lt_ECHO='echo'
mandir='${datarootdir}/man'
mkdir_p='/bin/mkdir -p'
oldincludedir='/usr/include'
pdfdir='${docdir}'
prefix='/usr/local'
program_transform_name='s,x,x,'
psdir='${docdir}'
sbindir='${exec_prefix}/sbin'
sharedstatedir='${prefix}/com'
sysconfdir='${prefix}/etc'
target='i686-pc-linux-gnu'
target_alias=''
target_cpu='i686'
target_os='linux-gnu'
target_vendor='pc'

## ----------- ##
## confdefs.h. ##
## ----------- ##

/* confdefs.h */
#define PACKAGE_NAME "wslay"
#define PACKAGE_TARNAME "wslay"
#define PACKAGE_VERSION "0.1.1"
#define PACKAGE_STRING "wslay 0.1.1"
#define PACKAGE_BUGREPORT "t-tujikawa@users.sourceforge.net"
#define PACKAGE_URL ""
#define STDC_HEADERS 1
#define HAVE_SYS_TYPES_H 1
#define HAVE_SYS_STAT_H 1
#define HAVE_STDLIB_H 1
#define HAVE_STRING_H 1
#define HAVE_MEMORY_H 1
#define HAVE_STRINGS_H 1
#define HAVE_INTTYPES_H 1
#define HAVE_STDINT_H 1
#define HAVE_UNISTD_H 1
#define HAVE_DLFCN_H 1
#define LT_OBJDIR ".libs/"
#define PACKAGE "wslay"
#define VERSION "0.1.1"
#define HAVE_ARPA_INET_H 1
#define HAVE_NETINET_IN_H 1
#define HAVE_STDDEF_H 1
#define HAVE_STDINT_H 1
#define HAVE_STDLIB_H 1
#define HAVE_STRING_H 1
#define HAVE_UNISTD_H 1
#define HAVE_PTRDIFF_T 1
#define HAVE_STDLIB_H 1
#define HAVE_MALLOC 1
#define HAVE_MEMMOVE 1
#define HAVE_MEMSET 1
#define HAVE_NTOHL 1
#define HAVE_NTOHS 1
#define HAVE_HTONS 1

configure: exit 0

## ---------------------- ##
## Running config.status. ##
## ---------------------- ##

This file was extended by wslay config.status 0.1.1, which was
generated by GNU Autoconf 2.65.  Invocation command line was

  CONFIG_FILES    = 
  CONFIG_HEADERS  = 
  CONFIG_LINKS    = 
  CONFIG_COMMANDS = 
  $ ./config.status config.h

on lucid32

config.status:1095: creating config.h
config.status:1267: config.h is unchanged
